1541018860605	mozrunner::runner	INFO	Running command: "/usr/bin/firefox" "-marionette" "-foreground" "-no-remote" "-profile" "/tmp/rust_mozprofile.XFoVeyo8FZOJ"
1541018862391	Marionette	INFO	Listening on port 44575
1541018862424	Marionette	WARN	TLS certificate errors will be ignored for this session
1541018895263	mozrunner::runner	INFO	Running command: "/usr/bin/firefox" "-marionette" "-foreground" "-no-remote" "-profile" "/tmp/rust_mozprofile.yrJLmIFgMzwb"
1541018896885	Marionette	INFO	Listening on port 32813
1541018896977	Marionette	WARN	TLS certificate errors will be ignored for this session
1541019103586	mozrunner::runner	INFO	Running command: "/usr/bin/firefox" "-marionette" "-foreground" "-no-remote" "-profile" "/tmp/rust_mozprofile.LKxUQbRe8JsC"
1541019105283	Marionette	INFO	Listening on port 46461
1541019105300	Marionette	WARN	TLS certificate errors will be ignored for this session
1541019201123	mozrunner::runner	INFO	Running command: "/usr/bin/firefox" "-marionette" "-foreground" "-no-remote" "-profile" "/tmp/rust_mozprofile.3PN6gxmKgYui"
1541019202928	Marionette	INFO	Listening on port 38561
1541019203031	Marionette	WARN	TLS certificate errors will be ignored for this session
1541019298524	mozrunner::runner	INFO	Running command: "/usr/bin/firefox" "-marionette" "-foreground" "-no-remote" "-profile" "/tmp/rust_mozprofile.71EJdF4iIR7d"
1541019300155	Marionette	INFO	Listening on port 43953
1541019300231	Marionette	WARN	TLS certificate errors will be ignored for this session
[Parent 11407, Gecko_IOThread] WARNING: pipe error (83): Connection reset by peer: file /build/firefox-4VfQCB/firefox-63.0+build2/ipc/chromium/src/chrome/common/ipc_channel_posix.cc, line 356
1541019316958	Marionette	INFO	Stopped listening on port 38561
[Parent 11735, Gecko_IOThread] WARNING: pipe error (80): Connection reset by peer: file /build/firefox-4VfQCB/firefox-63.0+build2/ipc/chromium/src/chrome/common/ipc_channel_posix.cc, line 356
[Parent 11735, Gecko_IOThread] WARNING: pipe error (77): Connection reset by peer: file /build/firefox-4VfQCB/firefox-63.0+build2/ipc/chromium/src/chrome/common/ipc_channel_posix.cc, line 356
1541019319229	Marionette	INFO	Stopped listening on port 43953
1541019321374	Marionette	INFO	Stopped listening on port 46461
1541019323584	Marionette	INFO	Stopped listening on port 44575
1541019325823	mozrunner::runner	INFO	Running command: "/usr/bin/firefox" "-marionette" "-foreground" "-no-remote" "-profile" "/tmp/rust_mozprofile.w4SuuAvnH0YT"
1541019327580	Marionette	INFO	Listening on port 35509
1541019327630	Marionette	WARN	TLS certificate errors will be ignored for this session
[Parent 12037, Gecko_IOThread] WARNING: pipe error (109): Connection reset by peer: file /build/firefox-4VfQCB/firefox-63.0+build2/ipc/chromium/src/chrome/common/ipc_channel_posix.cc, line 356
[Parent 12037, Gecko_IOThread] WARNING: pipe error (77): Connection reset by peer: file /build/firefox-4VfQCB/firefox-63.0+build2/ipc/chromium/src/chrome/common/ipc_channel_posix.cc, line 356
1541022586687	Marionette	INFO	Stopped listening on port 35509
1541027226331	Marionette	INFO	Stopped listening on port 32813
